<?xml version="1.0" encoding="UTF-8"?>
<!-- Generated by org.testng.reporters.JUnitReportReporter -->
<testsuite skipped="0" hostname="TVT-A-EC-729" name="Adminui.Adminui.Addd" tests="1" failures="0" timestamp="10 Apr 2020 16:59:13 GMT" time="0.004" errors="0">
  <testcase name="rr" time="0.004" classname="Adminui.Adminui.Addd"/>
</testsuite> <!-- Adminui.Adminui.Addd -->
