<?xml version="1.0" encoding="UTF-8"?>
<!-- Generated by org.testng.reporters.JUnitReportReporter -->
<testsuite skipped="0" hostname="TVT-A-EC-729" name="Adminui.Adminui.Test_czentrix" tests="1" failures="0" timestamp="01 Apr 2020 10:32:53 GMT" time="0.030" errors="0">
  <testcase name="license" time="0.030" classname="Adminui.Adminui.Test_czentrix"/>
</testsuite> <!-- Adminui.Adminui.Test_czentrix -->
